SeeSomeCode.vshost.exe Information: 0 : [08/10/16] - [7:22:42 AM] -- starting
SeeSomeCode.vshost.exe Information: 0 : [08/10/16] - [7:23:31 AM] -- ending
SeeSomeCode.vshost.exe Information: 0 : [08/10/16] - [7:24:35 AM] -- starting
SeeSomeCode.vshost.exe Information: 0 : [08/10/16] - [7:25:16 AM] -- starting
SeeSomeCode.vshost.exe Information: 0 : [08/10/16] - [7:31:04 AM] -- starting
SeeSomeCode.vshost.exe Information: 0 : [08/10/16] - [7:35:10 AM] -- starting
SeeSomeCode.vshost.exe Information: 0 : [08/10/16] - [7:43:40 AM] -- starting
SeeSomeCode.vshost.exe Information: 0 : [08/10/16] - [7:43:48 AM] -- validation succeeded
SeeSomeCode.vshost.exe Information: 0 : [08/10/16] - [7:44:24 AM] -- all done
SeeSomeCode.vshost.exe Information: 0 : [08/10/16] - [7:44:25 AM] -- exception was handled by global handler
SeeSomeCode.vshost.exe Information: 0 : [08/10/16] - [7:46:24 AM] -- starting
SeeSomeCode.vshost.exe Information: 0 : [08/10/16] - [7:46:32 AM] -- validation succeeded
SeeSomeCode.vshost.exe Information: 0 : [08/10/16] - [7:46:33 AM] -- all done
SeeSomeCode.vshost.exe Information: 0 : [08/10/16] - [7:47:05 AM] -- starting
SeeSomeCode.vshost.exe Information: 0 : [08/10/16] - [7:47:13 AM] -- validation succeeded
SeeSomeCode.vshost.exe Information: 0 : [08/10/16] - [7:47:42 AM] -- all done
SeeSomeCode.vshost.exe Information: 0 : [08/10/16] - [8:08:09 AM] -- starting
SeeSomeCode.vshost.exe Information: 0 : [08/10/16] - [8:08:17 AM] -- validation succeeded
SeeSomeCode.vshost.exe Information: 0 : [08/10/16] - [8:08:20 AM] -- all done
SeeSomeCode.vshost.exe Information: 0 : [08/10/16] - [8:10:29 AM] -- starting
SeeSomeCode.vshost.exe Information: 0 : [08/10/16] - [8:11:44 AM] -- starting
SeeSomeCode.vshost.exe Information: 0 : [08/10/16] - [8:15:57 AM] -- starting
SeeSomeCode.vshost.exe Information: 0 : [08/10/16] - [8:16:04 AM] -- validation succeeded
SeeSomeCode.vshost.exe Information: 0 : [08/10/16] - [8:16:11 AM] -- all done
SeeSomeCode.vshost.exe Information: 0 : [08/10/16] - [8:19:01 AM] -- starting
SeeSomeCode.vshost.exe Information: 0 : [08/10/16] - [8:19:08 AM] -- validation succeeded
SeeSomeCode.vshost.exe Information: 0 : [08/10/16] - [8:19:13 AM] -- all done
SeeSomeCode.vshost.exe Information: 0 : [08/10/16] - [8:19:20 AM] -- validation succeeded
SeeSomeCode.vshost.exe Information: 0 : [08/10/16] - [8:19:23 AM] -- all done
SeeSomeCode.vshost.exe Information: 0 : [08/10/16] - [8:22:05 AM] -- starting
SeeSomeCode.vshost.exe Information: 0 : [08/10/16] - [8:22:12 AM] -- validation succeeded
SeeSomeCode.vshost.exe Information: 0 : [08/10/16] - [8:22:33 AM] -- all done
SeeSomeCode.vshost.exe Information: 0 : [08/10/16] - [8:31:53 AM] -- starting
SeeSomeCode.vshost.exe Information: 0 : [08/10/16] - [8:32:01 AM] -- validation succeeded
SeeSomeCode.vshost.exe Information: 0 : [08/10/16] - [8:32:01 AM] -- all done
